[debug] [2023-01-28T21:09:36.420Z] ----------------------------------------------------------------------
[debug] [2023-01-28T21:09:36.428Z] Command:       C:\Program Files\nodejs\node.exe C:\Users\HP\AppData\Roaming\npm\node_modules\firebase-tools\lib\bin\firebase.js init
[debug] [2023-01-28T21:09:36.431Z] CLI Version:   11.21.0
[debug] [2023-01-28T21:09:36.432Z] Platform:      win32
[debug] [2023-01-28T21:09:36.433Z] Node Version:  v18.0.0
[debug] [2023-01-28T21:09:36.436Z] Time:          Sat Jan 28 2023 22:09:36 GMT+0100 (West Africa Standard Time)
[debug] [2023-01-28T21:09:36.438Z] ----------------------------------------------------------------------
[debug] 
[debug] [2023-01-28T21:09:36.482Z] > command requires scopes: ["email","openid","https://www.googleapis.com/auth/cloudplatformprojects.readonly","https://www.googleapis.com/auth/firebase","https://www.googleapis.com/auth/cloud-platform"]
[debug] [2023-01-28T21:09:36.484Z] > authorizing via signed-in user (victoriaoluwaferanmi@gmail.com)
[info] 
     ######## #### ########  ######## ########     ###     ######  ########
     ##        ##  ##     ## ##       ##     ##  ##   ##  ##       ##
     ######    ##  ########  ######   ########  #########  ######  ######
     ##        ##  ##    ##  ##       ##     ## ##     ##       ## ##
     ##       #### ##     ## ######## ########  ##     ##  ######  ########

You're about to initialize a Firebase project in this directory:

  C:\Users\HP\Desktop\My_Portfolio_website\portfolio\portfolio

[info] 
=== Project Setup
[info] 
[info] First, let's associate this project directory with a Firebase project.
[info] You can create multiple project aliases by running firebase use --add, 
[info] but for now we'll just set up a default project.
[info] 
[debug] [2023-01-28T21:10:16.719Z] >>> [apiv2][query] GET https://firebase.googleapis.com/v1beta1/projects pageSize=100
[debug] [2023-01-28T21:10:18.250Z] <<< [apiv2][status] GET https://firebase.googleapis.com/v1beta1/projects 200
[debug] [2023-01-28T21:10:18.250Z] <<< [apiv2][body] GET https://firebase.googleapis.com/v1beta1/projects [omitted]
[info] i  Using project portfolio-269bf (portfolio) 
[info] 
=== Hosting Setup
[info] 
[info] Your public directory is the folder (relative to your project directory) that
[info] will contain Hosting assets to be uploaded with firebase deploy. If you
[info] have a build process for your assets, use your build's output directory.
[info] 
